2024-05-01 18:28:28,063 - [INFO]:  progress: 0%, start
2024-05-01 18:28:28,063 - [INFO]:  progress: 1%, start train
2024-05-01 18:28:28,064 - [INFO]:  no GPU, will use [CPU]
2024-05-01 18:28:28,338 - [INFO]:  train, labels:['qiitan', 'tororo', 'NOT_DETECTED']
2024-05-01 18:28:28,339 - [DEBUG]:  train, datasets dir:/root/maix_train/out/datasets/images
2024-05-01 18:28:28,825 - [INFO]:  train data:551, valid data:136
2024-05-01 18:28:29,183 - [INFO]:  train start
2024-05-01 18:28:29,183 - [INFO]:  progress: 1.0%, train start
2024-05-01 18:28:29,200 - [INFO]:  epoch 0 start
2024-05-01 18:28:35,867 - [INFO]:  epoch 0 end: {'loss': 0.9546504020690918, 'accuracy': 0.5626283288002014, 'val_loss': 0.8361893892288208, 'val_accuracy': 0.6328125}
2024-05-01 18:28:35,868 - [INFO]:  progress: 10.7%, train epoch end
2024-05-01 18:28:35,874 - [INFO]:  epoch 1 start
2024-05-01 18:28:41,154 - [INFO]:  epoch 1 end: {'loss': 0.737449586391449, 'accuracy': 0.7104722857475281, 'val_loss': 0.7072211503982544, 'val_accuracy': 0.6640625}
2024-05-01 18:28:41,155 - [INFO]:  progress: 20.4%, train epoch end
2024-05-01 18:28:46,117 - [INFO]:  epoch 2 start
2024-05-01 18:28:51,230 - [INFO]:  epoch 2 end: {'loss': 0.6419413089752197, 'accuracy': 0.7535934448242188, 'val_loss': 0.6498216390609741, 'val_accuracy': 0.7578125}
2024-05-01 18:28:51,230 - [INFO]:  progress: 30.099999999999998%, train epoch end
2024-05-01 18:28:51,239 - [INFO]:  epoch 3 start
2024-05-01 18:28:56,220 - [INFO]:  epoch 3 end: {'loss': 0.5486892461776733, 'accuracy': 0.849609375, 'val_loss': 0.5684257745742798, 'val_accuracy': 0.78125}
2024-05-01 18:28:56,220 - [INFO]:  progress: 39.8%, train epoch end
2024-05-01 18:28:56,225 - [INFO]:  epoch 4 start
2024-05-01 18:29:01,096 - [INFO]:  epoch 4 end: {'loss': 0.5120193958282471, 'accuracy': 0.8316221833229065, 'val_loss': 0.5356078743934631, 'val_accuracy': 0.8515625}
2024-05-01 18:29:01,097 - [INFO]:  progress: 49.5%, train epoch end
2024-05-01 18:29:01,102 - [INFO]:  epoch 5 start
2024-05-01 18:29:05,763 - [INFO]:  epoch 5 end: {'loss': 0.45250827074050903, 'accuracy': 0.8767967224121094, 'val_loss': 0.4845336675643921, 'val_accuracy': 0.8828125}
2024-05-01 18:29:05,764 - [INFO]:  progress: 59.199999999999996%, train epoch end
2024-05-01 18:29:05,768 - [INFO]:  epoch 6 start
2024-05-01 18:29:10,747 - [INFO]:  epoch 6 end: {'loss': 0.4307054281234741, 'accuracy': 0.8685831427574158, 'val_loss': 0.4649653732776642, 'val_accuracy': 0.8828125}
2024-05-01 18:29:10,748 - [INFO]:  progress: 68.89999999999999%, train epoch end
2024-05-01 18:29:10,752 - [INFO]:  epoch 7 start
2024-05-01 18:29:16,547 - [INFO]:  epoch 7 end: {'loss': 0.39831534028053284, 'accuracy': 0.8932238221168518, 'val_loss': 0.452675461769104, 'val_accuracy': 0.859375}
2024-05-01 18:29:16,549 - [INFO]:  progress: 78.6%, train epoch end
2024-05-01 18:29:16,557 - [INFO]:  epoch 8 start
2024-05-01 18:29:21,981 - [INFO]:  epoch 8 end: {'loss': 0.3956390619277954, 'accuracy': 0.8747433423995972, 'val_loss': 0.43979981541633606, 'val_accuracy': 0.875}
2024-05-01 18:29:21,981 - [INFO]:  progress: 88.3%, train epoch end
2024-05-01 18:29:21,986 - [INFO]:  epoch 9 start
2024-05-01 18:29:27,373 - [INFO]:  epoch 9 end: {'loss': 0.36457720398902893, 'accuracy': 0.9014373421669006, 'val_loss': 0.38037577271461487, 'val_accuracy': 0.90625}
2024-05-01 18:29:27,373 - [INFO]:  progress: 98.0%, train epoch end
2024-05-01 18:29:27,374 - [INFO]:  train end
2024-05-01 18:29:27,374 - [INFO]:  progress: 98.0%, train end
2024-05-01 18:29:32,226 - [INFO]:  train ok, now generate report
2024-05-01 18:29:32,228 - [INFO]:  generate report image
2024-05-01 18:29:37,739 - [INFO]:  generate report image end
2024-05-01 18:29:37,740 - [INFO]:  now generate kmodel
2024-05-01 18:29:37,740 - [INFO]:  save model as .h5 file
2024-05-01 18:29:37,828 - [INFO]:  save model as .tflite file
2024-05-01 18:29:43,953 - [ERROR]:  convert to kmodel fail
2024-05-01 18:29:43,953 - [ERROR]:  failed: TrainFailReason.ERROR_INTERNAL, convert kmodel fail: output:
b''
error:
b'rosetta error: failed to open elf at /lib64/ld-linux-x86-64.so.2\n '
